# JRE version: Java(TM) SE Runtime Environment 18.9 (11.0.14+8) (build 11.0.14+8-LTS-263)
# Java VM: Java HotSpot(TM) 64-Bit Server VM 18.9 (11.0.14+8-LTS-263, mixed mode, tiered, compressed oops, g1 gc, windows-amd64)
Heap:
 garbage-first heap   total 34816K, used 13166K [0x000000070a600000, 0x0000000800000000)
  region size 1024K, 4 young (4096K), 1 survivors (1024K)
 Metaspace       used 22879K, capacity 23261K, committed 23424K, reserved 1071104K
  class space    used 2275K, capacity 2415K, committed 2432K, reserved 1048576K
GC Heap History (10 events):
Event: 0.735 GC heap before
{Heap before GC invocations=0 (full 0):
 garbage-first heap   total 251904K, used 24576K [0x000000070a600000, 0x0000000800000000)
  region size 1024K, 24 young (24576K), 0 survivors (0K)
 Metaspace       used 14326K, capacity 14585K, committed 14848K, reserved 1062912K
  class space    used 1317K, capacity 1412K, committed 1536K, reserved 1048576K
}
Event: 0.739 GC heap after
{Heap after GC invocations=1 (full 0):
 garbage-first heap   total 251904K, used 5688K [0x000000070a600000, 0x0000000800000000)
  region size 1024K, 3 young (3072K), 3 survivors (3072K)
 Metaspace       used 14326K, capacity 14585K, committed 14848K, reserved 1062912K
  class space    used 1317K, capacity 1412K, committed 1536K, reserved 1048576K
}
Event: 4.215 GC heap before
{Heap before GC invocations=1 (full 0):
 garbage-first heap   total 251904K, used 31288K [0x000000070a600000, 0x0000000800000000)
  region size 1024K, 29 young (29696K), 3 survivors (3072K)
 Metaspace       used 19986K, capacity 20365K, committed 20608K, reserved 1067008K
  class space    used 1978K, capacity 2119K, committed 2176K, reserved 1048576K
}
Event: 4.225 GC heap after
{Heap after GC invocations=2 (full 1):
 garbage-first heap   total 34816K, used 7636K [0x000000070a600000, 0x0000000800000000)
  region size 1024K, 0 young (0K), 0 survivors (0K)
 Metaspace       used 19986K, capacity 20365K, committed 20608K, reserved 1067008K
  class space    used 1978K, capacity 2119K, committed 2176K, reserved 1048576K
}
Event: 22.085 GC heap before
{Heap before GC invocations=2 (full 1):
 garbage-first heap   total 34816K, used 20948K [0x000000070a600000, 0x0000000800000000)
  region size 1024K, 13 young (13312K), 0 survivors (0K)
 Metaspace       used 20815K, capacity 21172K, committed 21376K, reserved 1069056K
  class space    used 2030K, capacity 2153K, committed 2176K, reserved 1048576K
}
Event: 22.086 GC heap after
{Heap after GC invocations=3 (full 1):
 garbage-first heap   total 34816K, used 8639K [0x000000070a600000, 0x0000000800000000)
  region size 1024K, 1 young (1024K), 1 survivors (1024K)
 Metaspace       used 20815K, capacity 21172K, committed 21376K, reserved 1069056K
  class space    used 2030K, capacity 2153K, committed 2176K, reserved 1048576K
}
Event: 43.745 GC heap before
{Heap before GC invocations=3 (full 1):
 garbage-first heap   total 34816K, used 22975K [0x000000070a600000, 0x0000000800000000)
  region size 1024K, 15 young (15360K), 1 survivors (1024K)
 Metaspace       used 21913K, capacity 22238K, committed 22400K, reserved 1069056K
  class space    used 2169K, capacity 2314K, committed 2432K, reserved 1048576K
}
Event: 43.746 GC heap after
{Heap after GC invocations=4 (full 1):
 garbage-first heap   total 34816K, used 10727K [0x000000070a600000, 0x0000000800000000)
  region size 1024K, 2 young (2048K), 2 survivors (2048K)
 Metaspace       used 21913K, capacity 22238K, committed 22400K, reserved 1069056K
  class space    used 2169K, capacity 2314K, committed 2432K, reserved 1048576K
}
Event: 52.415 GC heap before
{Heap before GC invocations=4 (full 1):
 garbage-first heap   total 34816K, used 21991K [0x000000070a600000, 0x0000000800000000)
  region size 1024K, 14 young (14336K), 2 survivors (2048K)
 Metaspace       used 22780K, capacity 23127K, committed 23168K, reserved 1071104K
  class space    used 2272K, capacity 2414K, committed 2432K, reserved 1048576K
}
Event: 52.417 GC heap after
{Heap after GC invocations=5 (full 1):
 garbage-first heap   total 34816K, used 11118K [0x000000070a600000, 0x0000000800000000)
  region size 1024K, 1 young (1024K), 1 survivors (1024K)
 Metaspace       used 22780K, capacity 23127K, committed 23168K, reserved 1071104K
  class space    used 2272K, capacity 2414K, committed 2432K, reserved 1048576K
}

